Performing C SOURCE FILE Test CMAKE_HAVE_LIBC_PTHREAD failed with the following output:
Change Dir: /home/mrrys00/Studia/4.Semestr/Cpp/Cpp/Lab02/build/CMakeFiles/CMakeTmp

Run Build Command(s):/usr/bin/ninja-build cmTC_91ebc && [1/2] Building C object CMakeFiles/cmTC_91ebc.dir/src.c.o
[2/2] Linking C executable cmTC_91ebc
FAILED: cmTC_91ebc 
: && /usr/bin/x86_64-redhat-linux-gcc-11  -rdynamic CMakeFiles/cmTC_91ebc.dir/src.c.o -o cmTC_91ebc   && :
/usr/bin/ld: CMakeFiles/cmTC_91ebc.dir/src.c.o: in function `main':
src.c:(.text+0x2d): undefined reference to `pthread_create'
/usr/bin/ld: src.c:(.text+0x39): undefined reference to `pthread_detach'
/usr/bin/ld: src.c:(.text+0x45): undefined reference to `pthread_cancel'
/usr/bin/ld: src.c:(.text+0x56): undefined reference to `pthread_join'
collect2: error: ld returned 1 exit status
ninja: build stopped: subcommand failed.


Source file was:
#include <pthread.h>

static void* test_func(void* data)
{
  return data;
}

int main(void)
{
  pthread_t thread;
  pthread_create(&thread, NULL, test_func, NULL);
  pthread_detach(thread);
  pthread_cancel(thread);
  pthread_join(thread, NULL);
  pthread_atfork(NULL, NULL, NULL);
  pthread_exit(NULL);

  return 0;
}

Determining if the function pthread_create exists in the pthreads failed with the following output:
Change Dir: /home/mrrys00/Studia/4.Semestr/Cpp/Cpp/Lab02/build/CMakeFiles/CMakeTmp

Run Build Command(s):/usr/bin/ninja-build cmTC_7b132 && [1/2] Building C object CMakeFiles/cmTC_7b132.dir/CheckFunctionExists.c.o
[2/2] Linking C executable cmTC_7b132
FAILED: cmTC_7b132 
: && /usr/bin/x86_64-redhat-linux-gcc-11 -DCHECK_FUNCTION_EXISTS=pthread_create -rdynamic CMakeFiles/cmTC_7b132.dir/CheckFunctionExists.c.o -o cmTC_7b132  -lpthreads && :
/usr/bin/ld: cannot find -lpthreads
collect2: error: ld returned 1 exit status
ninja: build stopped: subcommand failed.



